<?xml version="1.0" encoding="UTF-8"?>
<!-- Generated by org.testng.reporters.JUnitXMLReporter -->
<testsuite ignored="0" hostname="DESKTOP-V4L597I" failures="0" tests="1" name="Test" time="0.111" errors="0" timestamp="2022-12-15T19:52:30 IST">
  <testcase classname="com.Utility.BaseClass" name="@BeforeSuite inialization" time="0.04">
    <failure type="java.lang.NoClassDefFoundError" message="org/apache/poi/util/POILogFactory">
      <![CDATA[java.lang.NoClassDefFoundError: org/apache/poi/util/POILogFactory
at org.apache.poi.ooxml.POIXMLDocumentPart.<clinit>(POIXMLDocumentPart.java:55)
at com.Utility.ExcelDataProvider.<init>(ExcelDataProvider.java:16)
at com.Utility.BaseClass.inialization(BaseClass.java:22)
Caused by: java.lang.ClassNotFoundException: org.apache.poi.util.POILogFactory
at java.base/jdk.internal.loader.BuiltinClassLoader.loadClass(BuiltinClassLoader.java:641)
at java.base/jdk.internal.loader.ClassLoaders$AppClassLoader.loadClass(ClassLoaders.java:188)
at java.base/java.lang.ClassLoader.loadClass(ClassLoader.java:520)
... 22 more
... Removed 19 stack frames]]>
    </failure>
  </testcase> <!-- @BeforeSuite inialization -->
  <testcase classname="com.Utility.BaseClass" name="@BeforeMethod SetUp" time="-1.67111415018E9">
    <skipped/>
  </testcase> <!-- @BeforeMethod SetUp -->
  <testcase classname="com.Utility.BaseClass" name="@AfterMethod TearDown" time="-1.671114150208E9">
    <skipped/>
  </testcase> <!-- @AfterMethod TearDown -->
  <testcase classname="com.Test.Test_1" name="verify_Loginpage" time="0.0">
    <skipped/>
  </testcase> <!-- verify_Loginpage -->
</testsuite> <!-- Test -->
