<?xml version="1.0" encoding="UTF-8"?>
<testng-results ignored="0" total="1" passed="1" failed="0" skipped="0">
  <reporter-output>
  </reporter-output>
  <suite started-at="2022-12-19T15:59:33 IST" name="Suite" finished-at="2022-12-19T16:01:11 IST" duration-ms="97532">
    <groups>
    </groups>
    <test started-at="2022-12-19T15:59:33 IST" name="TestChrome" finished-at="2022-12-19T16:01:11 IST" duration-ms="97532">
      <class name="com.Test.Test_1">
        <test-method is-config="true" signature="inialization()[pri:0, instance:com.Test.Test_1@2f16c6b3]" started-at="2022-12-19T15:59:31 IST" name="inialization" finished-at="2022-12-19T15:59:33 IST" duration-ms="2749" status="PASS">
          <reporter-output>
          </reporter-output>
        </test-method> <!-- inialization -->
        <test-method is-config="true" signature="SetUp(java.lang.String)[pri:0, instance:com.Test.Test_1@2f16c6b3]" started-at="2022-12-19T15:59:33 IST" name="SetUp" finished-at="2022-12-19T16:01:03 IST" duration-ms="89527" status="PASS">
          <params>
            <param index="0">
              <value>
                <![CDATA[chrome]]>
              </value>
            </param>
          </params>
          <reporter-output>
          </reporter-output>
        </test-method> <!-- SetUp -->
        <test-method signature="verify_Loginpage()[pri:0, instance:com.Test.Test_1@2f16c6b3]" started-at="2022-12-19T16:01:03 IST" name="verify_Loginpage" finished-at="2022-12-19T16:01:07 IST" duration-ms="4320" status="PASS">
          <reporter-output>
          </reporter-output>
        </test-method> <!-- verify_Loginpage -->
        <test-method is-config="true" signature="TearDown()[pri:0, instance:com.Test.Test_1@2f16c6b3]" started-at="2022-12-19T16:01:09 IST" name="TearDown" finished-at="2022-12-19T16:01:11 IST" duration-ms="1411" status="PASS">
          <reporter-output>
          </reporter-output>
        </test-method> <!-- TearDown -->
      </class> <!-- com.Test.Test_1 -->
    </test> <!-- TestChrome -->
  </suite> <!-- Suite -->
</testng-results>
